0 info it worked if it ends with ok
1 verbose cli [ 'c:\\Program Files\\nodejs\\node.exe',
1 verbose cli   'c:\\Program Files\\nodejs\\node_modules\\npm\\bin\\npm-cli.js',
1 verbose cli   'start' ]
2 info using npm@1.1.61
3 info using node@v0.8.9
4 verbose read json c:\Documents and Settings\Qawe Mlilo\Desktop\dev\Projects\crushit-compiler\package.json
5 verbose run-script [ 'prestart', 'start', 'poststart' ]
6 info prestart crushit-compiler@0.0.1
7 info start crushit-compiler@0.0.1
8 verbose unsafe-perm in lifecycle true
9 silly exec cmd "/c" "node server.js"
10 silly cmd,/c,node server.js,c:\Documents and Settings\Qawe Mlilo\Desktop\dev\Projects\crushit-compiler spawning
11 info crushit-compiler@0.0.1 Failed to exec start script
12 error crushit-compiler@0.0.1 start: `node server.js`
12 error `cmd "/c" "node server.js"` failed with 1
13 error Failed at the crushit-compiler@0.0.1 start script.
13 error This is most likely a problem with the crushit-compiler package,
13 error not with npm itself.
13 error Tell the author that this fails on your system:
13 error     node server.js
13 error You can get their info via:
13 error     npm owner ls crushit-compiler
13 error There is likely additional logging output above.
14 error System Windows_NT 5.1.2600
15 error command "c:\\Program Files\\nodejs\\node.exe" "c:\\Program Files\\nodejs\\node_modules\\npm\\bin\\npm-cli.js" "start"
16 error cwd c:\Documents and Settings\Qawe Mlilo\Desktop\dev\Projects\crushit-compiler
17 error node -v v0.8.9
18 error npm -v 1.1.61
19 error code ELIFECYCLE
20 verbose exit [ 1, true ]
